<?xml version="1.0" encoding="UTF-8"?>
<!-- Generated by org.testng.reporters.JUnitReportReporter -->
<testsuite hostname="tmoportal-ws047" name="Modules.Diesel.BI.TestClass" tests="1" failures="0" timestamp="3 Nov 2018 17:51:04 GMT" time="7.266" errors="0">
  <testcase name="test" time="7.266" classname="Modules.Diesel.BI.TestClass"/>
</testsuite> <!-- Modules.Diesel.BI.TestClass -->
